<?xml version="1.0" encoding="UTF-8"?>
<!-- Generated by org.testng.reporters.JUnitReportReporter -->
<testsuite hostname="PTPL-238" failures="0" tests="5" name="PageObjectTestClasses.normalDPcreationTest" time="29.109" errors="0" timestamp="2023-11-24T11:44:16 IST" skipped="0">
  <testcase classname="PageObjectTestClasses.normalDPcreationTest" name="setUP" time="5.070"/>
  <testcase classname="PageObjectTestClasses.normalDPcreationTest" name="login" time="0.108"/>
  <testcase classname="PageObjectTestClasses.normalDPcreationTest" name="SelectParameterTest" time="12.433"/>
  <testcase classname="PageObjectTestClasses.normalDPcreationTest" name="checkkVisibleDropdwn" time="11.375"/>
  <testcase classname="PageObjectTestClasses.normalDPcreationTest" name="closeDriver" time="0.123"/>
</testsuite> <!-- PageObjectTestClasses.normalDPcreationTest -->
