<?xml version="1.0" encoding="UTF-8"?>
<!-- Generated by org.testng.reporters.JUnitReportReporter -->
<testsuite hostname="PTPL-238" failures="0" tests="4" name="PageObjectTestClasses.normalDPcreationTest" time="29.498" errors="0" timestamp="2023-11-20T12:32:21 IST" skipped="0">
  <testcase classname="PageObjectTestClasses.normalDPcreationTest" name="setUP" time="5.541"/>
  <testcase classname="PageObjectTestClasses.normalDPcreationTest" name="login" time="0.104"/>
  <testcase classname="PageObjectTestClasses.normalDPcreationTest" name="SelectParameterTest" time="12.462"/>
  <testcase classname="PageObjectTestClasses.normalDPcreationTest" name="checkkVisibleDropdwn" time="11.391"/>
</testsuite> <!-- PageObjectTestClasses.normalDPcreationTest -->
