<?xml version="1.0" encoding="UTF-8"?>
<!-- Generated by org.testng.reporters.JUnitReportReporter -->
<testsuite hostname="PTPL-238" failures="0" tests="5" name="PageObjectTestClasses.intelliviewHistoricalDataTest" time="22.957" errors="0" timestamp="2023-11-24T11:35:55 IST" skipped="0">
  <testcase classname="PageObjectTestClasses.intelliviewHistoricalDataTest" name="setUP" time="5.880"/>
  <testcase classname="PageObjectTestClasses.intelliviewHistoricalDataTest" name="login" time="0.111"/>
  <testcase classname="PageObjectTestClasses.intelliviewHistoricalDataTest" name="SelectParameterTest" time="12.499"/>
  <testcase classname="PageObjectTestClasses.intelliviewHistoricalDataTest" name="checkkVisibleDropdwn" time="4.333"/>
  <testcase classname="PageObjectTestClasses.intelliviewHistoricalDataTest" name="closeDriver" time="0.134"/>
</testsuite> <!-- PageObjectTestClasses.intelliviewHistoricalDataTest -->
