<?xml version="1.0" encoding="UTF-8"?>
<!-- Generated by org.testng.reporters.JUnitReportReporter -->
<testsuite hostname="PTPL-238" failures="0" tests="4" name="PageObjectTestClasses.intelliviewHistoricalDataTest" time="22.939" errors="0" timestamp="2023-11-02T17:04:43 IST" skipped="0">
  <testcase classname="PageObjectTestClasses.intelliviewHistoricalDataTest" name="setUP" time="6.077"/>
  <testcase classname="PageObjectTestClasses.intelliviewHistoricalDataTest" name="login" time="0.105"/>
  <testcase classname="PageObjectTestClasses.intelliviewHistoricalDataTest" name="SelectParameterTest" time="12.440"/>
  <testcase classname="PageObjectTestClasses.intelliviewHistoricalDataTest" name="checkkVisibleDropdwn" time="4.317"/>
</testsuite> <!-- PageObjectTestClasses.intelliviewHistoricalDataTest -->
