<?xml version="1.0" encoding="UTF-8"?>
<!-- Generated by org.testng.reporters.JUnitReportReporter -->
<testsuite hostname="PTPL-238" failures="0" tests="1" name="PageObjectTestClasses.LogInTest" time="9.175" errors="0" timestamp="2023-11-24T11:35:55 IST" skipped="0">
  <testcase classname="PageObjectTestClasses.LogInTest" name="testLogin" time="9.175"/>
</testsuite> <!-- PageObjectTestClasses.LogInTest -->
