<?xml version="1.0" encoding="UTF-8"?>
<!-- Generated by org.testng.reporters.JUnitReportReporter -->
<testsuite hostname="PTPL-238" failures="0" tests="1" name="MavenTestNg.databaseConnection" time="0.255" errors="0" timestamp="2023-11-09T12:38:51 IST" skipped="0">
  <testcase classname="MavenTestNg.databaseConnection" name="DatabaseTesting" time="0.255"/>
</testsuite> <!-- MavenTestNg.databaseConnection -->
