<?xml version="1.0" encoding="UTF-8"?>
<!-- Generated by org.testng.reporters.JUnitReportReporter -->
<testsuite hostname="PTPL-238" failures="0" tests="4" name="PageObjectTestClasses.parameterSelectionTest" time="17.659" errors="0" timestamp="2023-11-24T11:46:26 IST" skipped="0">
  <testcase classname="PageObjectTestClasses.parameterSelectionTest" name="setUP" time="4.942"/>
  <testcase classname="PageObjectTestClasses.parameterSelectionTest" name="login" time="0.117"/>
  <testcase classname="PageObjectTestClasses.parameterSelectionTest" name="SelectParameterTest" time="12.437"/>
  <testcase classname="PageObjectTestClasses.parameterSelectionTest" name="closeDriver" time="0.163"/>
</testsuite> <!-- PageObjectTestClasses.parameterSelectionTest -->
