<?xml version="1.0" encoding="UTF-8"?>
<!-- Generated by org.testng.reporters.JUnitReportReporter -->
<testsuite hostname="PTPL-238" failures="0" tests="2" name="PageObjectTestClasses.aggregatedDP_condn_test" time="24.828" errors="0" timestamp="2023-11-23T11:47:45 IST" skipped="0">
  <testcase classname="PageObjectTestClasses.aggregatedDP_condn_test" name="SelectParameterTest" time="12.402"/>
  <testcase classname="PageObjectTestClasses.aggregatedDP_condn_test" name="create_Agg_DP" time="12.426"/>
</testsuite> <!-- PageObjectTestClasses.aggregatedDP_condn_test -->
