<?xml version="1.0" encoding="UTF-8"?>
<!-- Generated by org.testng.reporters.JUnitReportReporter -->
<testsuite hostname="PTPL-238" failures="0" tests="1" name="PageObjectTestClasses.simpli_report_with_temp_test" time="24.426" errors="0" timestamp="2023-11-20T16:28:44 IST" skipped="0">
  <testcase classname="PageObjectTestClasses.simpli_report_with_temp_test" name="create_report" time="24.426"/>
</testsuite> <!-- PageObjectTestClasses.simpli_report_with_temp_test -->
