<?xml version="1.0" encoding="UTF-8"?>
<!-- Generated by org.testng.reporters.JUnitReportReporter -->
<testsuite hostname="PTPL-238" failures="0" tests="3" name="PageObjectTestClasses.aggregatedDP_condn_test" time="25.090" errors="0" timestamp="2023-11-24T11:35:55 IST" skipped="0">
  <testcase classname="PageObjectTestClasses.aggregatedDP_condn_test" name="SelectParameterTest" time="12.469"/>
  <testcase classname="PageObjectTestClasses.aggregatedDP_condn_test" name="create_Agg_DP" time="12.494"/>
  <testcase classname="PageObjectTestClasses.aggregatedDP_condn_test" name="closeDriver" time="0.127"/>
</testsuite> <!-- PageObjectTestClasses.aggregatedDP_condn_test -->
